INFO  | 2023-03-20 15:31:32.409 | [main] queue.ThrottleEventQueueImpl (ThrottleEventQueueImpl.java:36) - ThrottleEventQueueImpl::construct throttleTheshold: 10
INFO  | 2023-03-20 15:31:32.412 | [MDP-Thread] data.MarketDataProcessor (MarketDataProcessor.java:40) - MarketDataProcessor::Thread: start
INFO  | 2023-03-20 15:31:33.456 | [Throttle-Reset-Thread] queue.ThrottleEventQueueImpl (ThrottleEventQueueImpl.java:74) - ResetThread::Reset count and unblock
INFO  | 2023-03-20 15:31:34.414 | [pool-3-thread-1] feed.DataFeedService (DataFeedService.java:45) - DataFeedService::Begin with instruments: [AA, BB, CC, DD, EE, FF, GG, HH, II, JJ, KK]
INFO  | 2023-03-20 15:31:34.417 | [pool-3-thread-1] data.MarketDataProcessor (MarketDataProcessor.java:70) - OnMessage: MarketData [symbol=AA, price=41.806870671274396, updateTime=2023-03-20T07:31:34.414807Z]
INFO  | 2023-03-20 15:31:34.417 | [MDP-Thread] data.MarketDataProcessor (MarketDataProcessor.java:80) - publishAggregatedMarketData: MarketData [symbol=AA, price=41.806870671274396, updateTime=2023-03-20T07:31:34.414807Z]
INFO  | 2023-03-20 15:31:34.418 | [pool-3-thread-1] data.MarketDataProcessor (MarketDataProcessor.java:70) - OnMessage: MarketData [symbol=BB, price=19.477580950044537, updateTime=2023-03-20T07:31:34.418841Z]
INFO  | 2023-03-20 15:31:34.419 | [MDP-Thread] data.MarketDataProcessor (MarketDataProcessor.java:80) - publishAggregatedMarketData: MarketData [symbol=BB, price=19.477580950044537, updateTime=2023-03-20T07:31:34.418841Z]
INFO  | 2023-03-20 15:31:34.420 | [pool-3-thread-1] data.MarketDataProcessor (MarketDataProcessor.java:70) - OnMessage: MarketData [symbol=CC, price=10.54848310670443, updateTime=2023-03-20T07:31:34.420350Z]
INFO  | 2023-03-20 15:31:34.420 | [MDP-Thread] data.MarketDataProcessor (MarketDataProcessor.java:80) - publishAggregatedMarketData: MarketData [symbol=CC, price=10.54848310670443, updateTime=2023-03-20T07:31:34.420350Z]
INFO  | 2023-03-20 15:31:34.421 | [pool-3-thread-1] data.MarketDataProcessor (MarketDataProcessor.java:70) - OnMessage: MarketData [symbol=DD, price=15.958545879870325, updateTime=2023-03-20T07:31:34.421848Z]
INFO  | 2023-03-20 15:31:34.422 | [MDP-Thread] data.MarketDataProcessor (MarketDataProcessor.java:80) - publishAggregatedMarketData: MarketData [symbol=DD, price=15.958545879870325, updateTime=2023-03-20T07:31:34.421848Z]
INFO  | 2023-03-20 15:31:34.423 | [pool-3-thread-1] data.MarketDataProcessor (MarketDataProcessor.java:70) - OnMessage: MarketData [symbol=EE, price=19.97575365000448, updateTime=2023-03-20T07:31:34.423397Z]
INFO  | 2023-03-20 15:31:34.423 | [MDP-Thread] data.MarketDataProcessor (MarketDataProcessor.java:80) - publishAggregatedMarketData: MarketData [symbol=EE, price=19.97575365000448, updateTime=2023-03-20T07:31:34.423397Z]
INFO  | 2023-03-20 15:31:34.424 | [pool-3-thread-1] data.MarketDataProcessor (MarketDataProcessor.java:70) - OnMessage: MarketData [symbol=FF, price=2.297719876259294, updateTime=2023-03-20T07:31:34.424901Z]
INFO  | 2023-03-20 15:31:34.425 | [MDP-Thread] data.MarketDataProcessor (MarketDataProcessor.java:80) - publishAggregatedMarketData: MarketData [symbol=FF, price=2.297719876259294, updateTime=2023-03-20T07:31:34.424901Z]
INFO  | 2023-03-20 15:31:34.426 | [pool-3-thread-1] data.MarketDataProcessor (MarketDataProcessor.java:70) - OnMessage: MarketData [symbol=GG, price=7.391967089323979, updateTime=2023-03-20T07:31:34.426398Z]
INFO  | 2023-03-20 15:31:34.426 | [MDP-Thread] data.MarketDataProcessor (MarketDataProcessor.java:80) - publishAggregatedMarketData: MarketData [symbol=GG, price=7.391967089323979, updateTime=2023-03-20T07:31:34.426398Z]
INFO  | 2023-03-20 15:31:34.427 | [pool-3-thread-1] data.MarketDataProcessor (MarketDataProcessor.java:70) - OnMessage: MarketData [symbol=HH, price=49.12614709785354, updateTime=2023-03-20T07:31:34.427887Z]
INFO  | 2023-03-20 15:31:34.428 | [MDP-Thread] data.MarketDataProcessor (MarketDataProcessor.java:80) - publishAggregatedMarketData: MarketData [symbol=HH, price=49.12614709785354, updateTime=2023-03-20T07:31:34.427887Z]
INFO  | 2023-03-20 15:31:34.429 | [pool-3-thread-1] data.MarketDataProcessor (MarketDataProcessor.java:70) - OnMessage: MarketData [symbol=II, price=24.869457789819165, updateTime=2023-03-20T07:31:34.429382Z]
INFO  | 2023-03-20 15:31:34.429 | [MDP-Thread] data.MarketDataProcessor (MarketDataProcessor.java:80) - publishAggregatedMarketData: MarketData [symbol=II, price=24.869457789819165, updateTime=2023-03-20T07:31:34.429382Z]
INFO  | 2023-03-20 15:31:34.430 | [pool-3-thread-1] data.MarketDataProcessor (MarketDataProcessor.java:70) - OnMessage: MarketData [symbol=JJ, price=34.67586417127606, updateTime=2023-03-20T07:31:34.430617Z]
INFO  | 2023-03-20 15:31:34.430 | [MDP-Thread] data.MarketDataProcessor (MarketDataProcessor.java:80) - publishAggregatedMarketData: MarketData [symbol=JJ, price=34.67586417127606, updateTime=2023-03-20T07:31:34.430617Z]
INFO  | 2023-03-20 15:31:34.430 | [MDP-Thread] queue.ThrottleEventQueueImpl (ThrottleEventQueueImpl.java:97) - poll::block polledCount<11>
INFO  | 2023-03-20 15:31:34.432 | [pool-3-thread-1] data.MarketDataProcessor (MarketDataProcessor.java:70) - OnMessage: MarketData [symbol=KK, price=13.487538475434068, updateTime=2023-03-20T07:31:34.432229Z]
INFO  | 2023-03-20 15:31:34.433 | [pool-3-thread-1] data.MarketDataProcessor (MarketDataProcessor.java:70) - OnMessage: MarketData [symbol=AA, price=43.70461462942107, updateTime=2023-03-20T07:31:34.433794Z]
INFO  | 2023-03-20 15:31:34.435 | [pool-3-thread-1] data.MarketDataProcessor (MarketDataProcessor.java:70) - OnMessage: MarketData [symbol=BB, price=8.562106524224848, updateTime=2023-03-20T07:31:34.435406Z]
INFO  | 2023-03-20 15:31:34.437 | [pool-3-thread-1] data.MarketDataProcessor (MarketDataProcessor.java:70) - OnMessage: MarketData [symbol=CC, price=7.6272148456749855, updateTime=2023-03-20T07:31:34.436936Z]
INFO  | 2023-03-20 15:31:34.438 | [pool-3-thread-1] data.MarketDataProcessor (MarketDataProcessor.java:70) - OnMessage: MarketData [symbol=DD, price=27.6665729439455, updateTime=2023-03-20T07:31:34.438542Z]
INFO  | 2023-03-20 15:31:34.440 | [pool-3-thread-1] data.MarketDataProcessor (MarketDataProcessor.java:70) - OnMessage: MarketData [symbol=EE, price=34.33045323149156, updateTime=2023-03-20T07:31:34.439983Z]
INFO  | 2023-03-20 15:31:34.441 | [pool-3-thread-1] data.MarketDataProcessor (MarketDataProcessor.java:70) - OnMessage: MarketData [symbol=FF, price=28.88858044030013, updateTime=2023-03-20T07:31:34.441550Z]
INFO  | 2023-03-20 15:31:34.443 | [pool-3-thread-1] data.MarketDataProcessor (MarketDataProcessor.java:70) - OnMessage: MarketData [symbol=GG, price=42.72901468423511, updateTime=2023-03-20T07:31:34.443085Z]
INFO  | 2023-03-20 15:31:34.444 | [pool-3-thread-1] data.MarketDataProcessor (MarketDataProcessor.java:70) - OnMessage: MarketData [symbol=HH, price=16.9866462618945, updateTime=2023-03-20T07:31:34.444713Z]
INFO  | 2023-03-20 15:31:34.446 | [pool-3-thread-1] data.MarketDataProcessor (MarketDataProcessor.java:70) - OnMessage: MarketData [symbol=II, price=48.45735231501289, updateTime=2023-03-20T07:31:34.446274Z]
INFO  | 2023-03-20 15:31:34.448 | [pool-3-thread-1] data.MarketDataProcessor (MarketDataProcessor.java:70) - OnMessage: MarketData [symbol=JJ, price=47.46092279992257, updateTime=2023-03-20T07:31:34.447903Z]
INFO  | 2023-03-20 15:31:34.449 | [pool-3-thread-1] data.MarketDataProcessor (MarketDataProcessor.java:70) - OnMessage: MarketData [symbol=KK, price=39.03154964349145, updateTime=2023-03-20T07:31:34.449500Z]
INFO  | 2023-03-20 15:31:34.451 | [pool-3-thread-1] data.MarketDataProcessor (MarketDataProcessor.java:70) - OnMessage: MarketData [symbol=AA, price=24.229066940805453, updateTime=2023-03-20T07:31:34.451151Z]
INFO  | 2023-03-20 15:31:34.452 | [pool-3-thread-1] data.MarketDataProcessor (MarketDataProcessor.java:70) - OnMessage: MarketData [symbol=BB, price=44.4662601109392, updateTime=2023-03-20T07:31:34.452784Z]
INFO  | 2023-03-20 15:31:34.454 | [pool-3-thread-1] data.MarketDataProcessor (MarketDataProcessor.java:70) - OnMessage: MarketData [symbol=CC, price=9.688629479034217, updateTime=2023-03-20T07:31:34.454369Z]
INFO  | 2023-03-20 15:31:34.456 | [pool-3-thread-1] data.MarketDataProcessor (MarketDataProcessor.java:70) - OnMessage: MarketData [symbol=DD, price=31.320845402818723, updateTime=2023-03-20T07:31:34.456017Z]
INFO  | 2023-03-20 15:31:34.457 | [pool-3-thread-1] data.MarketDataProcessor (MarketDataProcessor.java:70) - OnMessage: MarketData [symbol=EE, price=10.678994114900341, updateTime=2023-03-20T07:31:34.457629Z]
INFO  | 2023-03-20 15:31:34.459 | [pool-3-thread-1] data.MarketDataProcessor (MarketDataProcessor.java:70) - OnMessage: MarketData [symbol=FF, price=26.86739522637314, updateTime=2023-03-20T07:31:34.459233Z]
INFO  | 2023-03-20 15:31:34.460 | [pool-3-thread-1] data.MarketDataProcessor (MarketDataProcessor.java:70) - OnMessage: MarketData [symbol=GG, price=4.846803388298594, updateTime=2023-03-20T07:31:34.460783Z]
INFO  | 2023-03-20 15:31:34.462 | [pool-3-thread-1] data.MarketDataProcessor (MarketDataProcessor.java:70) - OnMessage: MarketData [symbol=HH, price=39.92865501134332, updateTime=2023-03-20T07:31:34.462380Z]
INFO  | 2023-03-20 15:31:34.464 | [pool-3-thread-1] data.MarketDataProcessor (MarketDataProcessor.java:70) - OnMessage: MarketData [symbol=II, price=12.42792169574882, updateTime=2023-03-20T07:31:34.464006Z]
INFO  | 2023-03-20 15:31:34.465 | [pool-3-thread-1] data.MarketDataProcessor (MarketDataProcessor.java:70) - OnMessage: MarketData [symbol=JJ, price=3.598891415121458, updateTime=2023-03-20T07:31:34.465623Z]
INFO  | 2023-03-20 15:31:34.465 | [Throttle-Reset-Thread] queue.ThrottleEventQueueImpl (ThrottleEventQueueImpl.java:74) - ResetThread::Reset count and unblock
INFO  | 2023-03-20 15:31:34.466 | [MDP-Thread] data.MarketDataProcessor (MarketDataProcessor.java:80) - publishAggregatedMarketData: MarketData [symbol=KK, price=39.03154964349145, updateTime=2023-03-20T07:31:34.449500Z]
INFO  | 2023-03-20 15:31:34.466 | [MDP-Thread] data.MarketDataProcessor (MarketDataProcessor.java:80) - publishAggregatedMarketData: MarketData [symbol=AA, price=24.229066940805453, updateTime=2023-03-20T07:31:34.451151Z]
INFO  | 2023-03-20 15:31:34.466 | [MDP-Thread] data.MarketDataProcessor (MarketDataProcessor.java:80) - publishAggregatedMarketData: MarketData [symbol=BB, price=44.4662601109392, updateTime=2023-03-20T07:31:34.452784Z]
INFO  | 2023-03-20 15:31:34.466 | [MDP-Thread] data.MarketDataProcessor (MarketDataProcessor.java:80) - publishAggregatedMarketData: MarketData [symbol=CC, price=9.688629479034217, updateTime=2023-03-20T07:31:34.454369Z]
INFO  | 2023-03-20 15:31:34.466 | [MDP-Thread] data.MarketDataProcessor (MarketDataProcessor.java:80) - publishAggregatedMarketData: MarketData [symbol=DD, price=31.320845402818723, updateTime=2023-03-20T07:31:34.456017Z]
INFO  | 2023-03-20 15:31:34.466 | [MDP-Thread] data.MarketDataProcessor (MarketDataProcessor.java:80) - publishAggregatedMarketData: MarketData [symbol=EE, price=10.678994114900341, updateTime=2023-03-20T07:31:34.457629Z]
INFO  | 2023-03-20 15:31:34.467 | [MDP-Thread] data.MarketDataProcessor (MarketDataProcessor.java:80) - publishAggregatedMarketData: MarketData [symbol=FF, price=26.86739522637314, updateTime=2023-03-20T07:31:34.459233Z]
INFO  | 2023-03-20 15:31:34.467 | [pool-3-thread-1] data.MarketDataProcessor (MarketDataProcessor.java:70) - OnMessage: MarketData [symbol=KK, price=33.63555184041966, updateTime=2023-03-20T07:31:34.467080Z]
INFO  | 2023-03-20 15:31:34.467 | [MDP-Thread] data.MarketDataProcessor (MarketDataProcessor.java:80) - publishAggregatedMarketData: MarketData [symbol=GG, price=4.846803388298594, updateTime=2023-03-20T07:31:34.460783Z]
INFO  | 2023-03-20 15:31:34.467 | [MDP-Thread] data.MarketDataProcessor (MarketDataProcessor.java:80) - publishAggregatedMarketData: MarketData [symbol=HH, price=39.92865501134332, updateTime=2023-03-20T07:31:34.462380Z]
INFO  | 2023-03-20 15:31:34.467 | [MDP-Thread] data.MarketDataProcessor (MarketDataProcessor.java:80) - publishAggregatedMarketData: MarketData [symbol=II, price=12.42792169574882, updateTime=2023-03-20T07:31:34.464006Z]
INFO  | 2023-03-20 15:31:34.467 | [MDP-Thread] queue.ThrottleEventQueueImpl (ThrottleEventQueueImpl.java:97) - poll::block polledCount<11>
INFO  | 2023-03-20 15:31:34.468 | [pool-3-thread-1] data.MarketDataProcessor (MarketDataProcessor.java:70) - OnMessage: MarketData [symbol=AA, price=34.72379584965178, updateTime=2023-03-20T07:31:34.468625Z]
INFO  | 2023-03-20 15:31:34.470 | [pool-3-thread-1] data.MarketDataProcessor (MarketDataProcessor.java:70) - OnMessage: MarketData [symbol=BB, price=5.978333681992956, updateTime=2023-03-20T07:31:34.470134Z]
INFO  | 2023-03-20 15:31:34.471 | [pool-3-thread-1] data.MarketDataProcessor (MarketDataProcessor.java:70) - OnMessage: MarketData [symbol=CC, price=21.63082412943855, updateTime=2023-03-20T07:31:34.471400Z]
INFO  | 2023-03-20 15:31:34.472 | [pool-3-thread-1] data.MarketDataProcessor (MarketDataProcessor.java:70) - OnMessage: MarketData [symbol=DD, price=13.604691996096363, updateTime=2023-03-20T07:31:34.472925Z]
INFO  | 2023-03-20 15:31:34.474 | [pool-3-thread-1] data.MarketDataProcessor (MarketDataProcessor.java:70) - OnMessage: MarketData [symbol=EE, price=44.13863316674434, updateTime=2023-03-20T07:31:34.474429Z]
INFO  | 2023-03-20 15:31:34.475 | [pool-3-thread-1] data.MarketDataProcessor (MarketDataProcessor.java:70) - OnMessage: MarketData [symbol=FF, price=25.50164722652707, updateTime=2023-03-20T07:31:34.475893Z]
INFO  | 2023-03-20 15:31:34.477 | [pool-3-thread-1] data.MarketDataProcessor (MarketDataProcessor.java:70) - OnMessage: MarketData [symbol=GG, price=48.568752784076466, updateTime=2023-03-20T07:31:34.477418Z]
INFO  | 2023-03-20 15:31:34.479 | [pool-3-thread-1] data.MarketDataProcessor (MarketDataProcessor.java:70) - OnMessage: MarketData [symbol=HH, price=42.279732166541365, updateTime=2023-03-20T07:31:34.479034Z]
INFO  | 2023-03-20 15:31:34.480 | [pool-3-thread-1] data.MarketDataProcessor (MarketDataProcessor.java:70) - OnMessage: MarketData [symbol=II, price=9.085467036895079, updateTime=2023-03-20T07:31:34.480657Z]
INFO  | 2023-03-20 15:31:34.482 | [pool-3-thread-1] data.MarketDataProcessor (MarketDataProcessor.java:70) - OnMessage: MarketData [symbol=JJ, price=41.70308083002104, updateTime=2023-03-20T07:31:34.482266Z]
INFO  | 2023-03-20 15:31:34.483 | [pool-3-thread-1] data.MarketDataProcessor (MarketDataProcessor.java:70) - OnMessage: MarketData [symbol=KK, price=17.7174963010504, updateTime=2023-03-20T07:31:34.483874Z]
INFO  | 2023-03-20 15:31:34.485 | [pool-3-thread-1] data.MarketDataProcessor (MarketDataProcessor.java:70) - OnMessage: MarketData [symbol=AA, price=34.81824750260283, updateTime=2023-03-20T07:31:34.485457Z]
INFO  | 2023-03-20 15:31:34.487 | [pool-3-thread-1] data.MarketDataProcessor (MarketDataProcessor.java:70) - OnMessage: MarketData [symbol=BB, price=34.39982469198979, updateTime=2023-03-20T07:31:34.487043Z]
INFO  | 2023-03-20 15:31:34.488 | [pool-3-thread-1] data.MarketDataProcessor (MarketDataProcessor.java:70) - OnMessage: MarketData [symbol=CC, price=16.88088712447786, updateTime=2023-03-20T07:31:34.488546Z]
INFO  | 2023-03-20 15:31:34.490 | [pool-3-thread-1] data.MarketDataProcessor (MarketDataProcessor.java:70) - OnMessage: MarketData [symbol=DD, price=11.113726842123894, updateTime=2023-03-20T07:31:34.490113Z]
INFO  | 2023-03-20 15:31:34.491 | [pool-3-thread-1] data.MarketDataProcessor (MarketDataProcessor.java:70) - OnMessage: MarketData [symbol=EE, price=38.550212728522425, updateTime=2023-03-20T07:31:34.491657Z]
INFO  | 2023-03-20 15:31:34.493 | [pool-3-thread-1] data.MarketDataProcessor (MarketDataProcessor.java:70) - OnMessage: MarketData [symbol=FF, price=13.011122917927382, updateTime=2023-03-20T07:31:34.493006Z]
INFO  | 2023-03-20 15:31:34.494 | [pool-3-thread-1] data.MarketDataProcessor (MarketDataProcessor.java:70) - OnMessage: MarketData [symbol=GG, price=11.432410340119787, updateTime=2023-03-20T07:31:34.494455Z]
INFO  | 2023-03-20 15:31:34.495 | [pool-3-thread-1] data.MarketDataProcessor (MarketDataProcessor.java:70) - OnMessage: MarketData [symbol=HH, price=5.365049041169014, updateTime=2023-03-20T07:31:34.495864Z]
INFO  | 2023-03-20 15:31:34.497 | [pool-3-thread-1] data.MarketDataProcessor (MarketDataProcessor.java:70) - OnMessage: MarketData [symbol=II, price=9.81149789199914, updateTime=2023-03-20T07:31:34.497402Z]
INFO  | 2023-03-20 15:31:34.499 | [pool-3-thread-1] data.MarketDataProcessor (MarketDataProcessor.java:70) - OnMessage: MarketData [symbol=JJ, price=1.3859032411849972, updateTime=2023-03-20T07:31:34.498914Z]
INFO  | 2023-03-20 15:31:34.500 | [pool-3-thread-1] data.MarketDataProcessor (MarketDataProcessor.java:70) - OnMessage: MarketData [symbol=KK, price=46.755738538521165, updateTime=2023-03-20T07:31:34.500486Z]
INFO  | 2023-03-20 15:31:34.502 | [pool-3-thread-1] data.MarketDataProcessor (MarketDataProcessor.java:70) - OnMessage: MarketData [symbol=AA, price=4.74359377407048, updateTime=2023-03-20T07:31:34.501992Z]
INFO  | 2023-03-20 15:31:34.503 | [pool-3-thread-1] data.MarketDataProcessor (MarketDataProcessor.java:70) - OnMessage: MarketData [symbol=BB, price=27.06663985531674, updateTime=2023-03-20T07:31:34.503478Z]
INFO  | 2023-03-20 15:31:34.504 | [pool-3-thread-1] data.MarketDataProcessor (MarketDataProcessor.java:70) - OnMessage: MarketData [symbol=CC, price=45.91480194205148, updateTime=2023-03-20T07:31:34.504948Z]
INFO  | 2023-03-20 15:31:34.506 | [pool-3-thread-1] data.MarketDataProcessor (MarketDataProcessor.java:70) - OnMessage: MarketData [symbol=DD, price=20.22325360027246, updateTime=2023-03-20T07:31:34.506427Z]
INFO  | 2023-03-20 15:31:34.508 | [pool-3-thread-1] data.MarketDataProcessor (MarketDataProcessor.java:70) - OnMessage: MarketData [symbol=EE, price=30.873763692659473, updateTime=2023-03-20T07:31:34.507959Z]
INFO  | 2023-03-20 15:31:34.509 | [pool-3-thread-1] data.MarketDataProcessor (MarketDataProcessor.java:70) - OnMessage: MarketData [symbol=FF, price=37.43519288922322, updateTime=2023-03-20T07:31:34.509447Z]
INFO  | 2023-03-20 15:31:34.510 | [pool-3-thread-1] data.MarketDataProcessor (MarketDataProcessor.java:70) - OnMessage: MarketData [symbol=GG, price=2.8216690697033595, updateTime=2023-03-20T07:31:34.510909Z]
INFO  | 2023-03-20 15:31:34.512 | [pool-3-thread-1] data.MarketDataProcessor (MarketDataProcessor.java:70) - OnMessage: MarketData [symbol=HH, price=45.66215530033463, updateTime=2023-03-20T07:31:34.512383Z]
INFO  | 2023-03-20 15:31:34.513 | [pool-3-thread-1] data.MarketDataProcessor (MarketDataProcessor.java:70) - OnMessage: MarketData [symbol=II, price=32.52660925845749, updateTime=2023-03-20T07:31:34.513803Z]
INFO  | 2023-03-20 15:31:34.515 | [pool-3-thread-1] data.MarketDataProcessor (MarketDataProcessor.java:70) - OnMessage: MarketData [symbol=JJ, price=33.38535885539441, updateTime=2023-03-20T07:31:34.515401Z]
INFO  | 2023-03-20 15:31:34.516 | [pool-3-thread-1] data.MarketDataProcessor (MarketDataProcessor.java:70) - OnMessage: MarketData [symbol=KK, price=35.86169995067902, updateTime=2023-03-20T07:31:34.516899Z]
INFO  | 2023-03-20 15:31:34.518 | [pool-3-thread-1] data.MarketDataProcessor (MarketDataProcessor.java:70) - OnMessage: MarketData [symbol=AA, price=30.567099969451323, updateTime=2023-03-20T07:31:34.518146Z]
INFO  | 2023-03-20 15:31:34.519 | [pool-3-thread-1] data.MarketDataProcessor (MarketDataProcessor.java:70) - OnMessage: MarketData [symbol=BB, price=19.48741074649073, updateTime=2023-03-20T07:31:34.519762Z]
INFO  | 2023-03-20 15:31:34.521 | [pool-3-thread-1] data.MarketDataProcessor (MarketDataProcessor.java:70) - OnMessage: MarketData [symbol=CC, price=25.539246344397224, updateTime=2023-03-20T07:31:34.521347Z]
INFO  | 2023-03-20 15:31:34.523 | [pool-3-thread-1] data.MarketDataProcessor (MarketDataProcessor.java:70) - OnMessage: MarketData [symbol=DD, price=34.54519139836633, updateTime=2023-03-20T07:31:34.522966Z]
INFO  | 2023-03-20 15:31:34.524 | [pool-3-thread-1] data.MarketDataProcessor (MarketDataProcessor.java:70) - OnMessage: MarketData [symbol=EE, price=28.091369638427462, updateTime=2023-03-20T07:31:34.524531Z]
INFO  | 2023-03-20 15:31:34.526 | [pool-3-thread-1] data.MarketDataProcessor (MarketDataProcessor.java:70) - OnMessage: MarketData [symbol=FF, price=23.198417014121762, updateTime=2023-03-20T07:31:34.526098Z]
INFO  | 2023-03-20 15:31:34.527 | [pool-3-thread-1] data.MarketDataProcessor (MarketDataProcessor.java:70) - OnMessage: MarketData [symbol=GG, price=49.24606353585891, updateTime=2023-03-20T07:31:34.527681Z]
INFO  | 2023-03-20 15:31:34.529 | [pool-3-thread-1] data.MarketDataProcessor (MarketDataProcessor.java:70) - OnMessage: MarketData [symbol=HH, price=39.8744894867725, updateTime=2023-03-20T07:31:34.529253Z]
INFO  | 2023-03-20 15:31:34.530 | [pool-3-thread-1] data.MarketDataProcessor (MarketDataProcessor.java:70) - OnMessage: MarketData [symbol=II, price=19.715515812698648, updateTime=2023-03-20T07:31:34.530696Z]
INFO  | 2023-03-20 15:31:34.532 | [pool-3-thread-1] data.MarketDataProcessor (MarketDataProcessor.java:70) - OnMessage: MarketData [symbol=JJ, price=48.89525958622334, updateTime=2023-03-20T07:31:34.532292Z]
INFO  | 2023-03-20 15:31:34.533 | [pool-3-thread-1] data.MarketDataProcessor (MarketDataProcessor.java:70) - OnMessage: MarketData [symbol=KK, price=41.822677847334596, updateTime=2023-03-20T07:31:34.533880Z]
INFO  | 2023-03-20 15:31:34.535 | [pool-3-thread-1] data.MarketDataProcessor (MarketDataProcessor.java:70) - OnMessage: MarketData [symbol=AA, price=27.61395710874583, updateTime=2023-03-20T07:31:34.535472Z]
INFO  | 2023-03-20 15:31:34.537 | [pool-3-thread-1] data.MarketDataProcessor (MarketDataProcessor.java:70) - OnMessage: MarketData [symbol=BB, price=24.376237444781854, updateTime=2023-03-20T07:31:34.537067Z]
INFO  | 2023-03-20 15:31:34.538 | [pool-3-thread-1] data.MarketDataProcessor (MarketDataProcessor.java:70) - OnMessage: MarketData [symbol=CC, price=49.25344346244848, updateTime=2023-03-20T07:31:34.538670Z]
INFO  | 2023-03-20 15:31:34.540 | [pool-3-thread-1] data.MarketDataProcessor (MarketDataProcessor.java:70) - OnMessage: MarketData [symbol=DD, price=8.13538981246569, updateTime=2023-03-20T07:31:34.540172Z]
INFO  | 2023-03-20 15:31:34.541 | [pool-3-thread-1] data.MarketDataProcessor (MarketDataProcessor.java:70) - OnMessage: MarketData [symbol=EE, price=45.926213025900104, updateTime=2023-03-20T07:31:34.541795Z]
INFO  | 2023-03-20 15:31:34.543 | [pool-3-thread-1] data.MarketDataProcessor (MarketDataProcessor.java:70) - OnMessage: MarketData [symbol=FF, price=20.753277135124936, updateTime=2023-03-20T07:31:34.543363Z]
INFO  | 2023-03-20 15:31:34.545 | [pool-3-thread-1] data.MarketDataProcessor (MarketDataProcessor.java:70) - OnMessage: MarketData [symbol=GG, price=49.14039864004111, updateTime=2023-03-20T07:31:34.544959Z]
INFO  | 2023-03-20 15:31:34.546 | [pool-3-thread-1] data.MarketDataProcessor (MarketDataProcessor.java:70) - OnMessage: MarketData [symbol=HH, price=4.5024727282203, updateTime=2023-03-20T07:31:34.546564Z]
INFO  | 2023-03-20 15:31:34.548 | [pool-3-thread-1] data.MarketDataProcessor (MarketDataProcessor.java:70) - OnMessage: MarketData [symbol=II, price=3.8026827183723237, updateTime=2023-03-20T07:31:34.548170Z]
INFO  | 2023-03-20 15:31:34.549 | [pool-3-thread-1] data.MarketDataProcessor (MarketDataProcessor.java:70) - OnMessage: MarketData [symbol=JJ, price=40.35839252603377, updateTime=2023-03-20T07:31:34.549409Z]
INFO  | 2023-03-20 15:31:34.551 | [pool-3-thread-1] data.MarketDataProcessor (MarketDataProcessor.java:70) - OnMessage: MarketData [symbol=KK, price=2.928929491801951, updateTime=2023-03-20T07:31:34.550906Z]
INFO  | 2023-03-20 15:31:34.552 | [pool-3-thread-1] data.MarketDataProcessor (MarketDataProcessor.java:70) - OnMessage: MarketData [symbol=AA, price=5.733879594395967, updateTime=2023-03-20T07:31:34.552467Z]
INFO  | 2023-03-20 15:31:34.554 | [pool-3-thread-1] data.MarketDataProcessor (MarketDataProcessor.java:70) - OnMessage: MarketData [symbol=BB, price=3.0924221371722522, updateTime=2023-03-20T07:31:34.554027Z]
INFO  | 2023-03-20 15:31:34.555 | [pool-3-thread-1] data.MarketDataProcessor (MarketDataProcessor.java:70) - OnMessage: MarketData [symbol=CC, price=20.04803675067549, updateTime=2023-03-20T07:31:34.555611Z]
INFO  | 2023-03-20 15:31:34.557 | [pool-3-thread-1] data.MarketDataProcessor (MarketDataProcessor.java:70) - OnMessage: MarketData [symbol=DD, price=23.969517732376616, updateTime=2023-03-20T07:31:34.557172Z]
INFO  | 2023-03-20 15:31:34.558 | [pool-3-thread-1] data.MarketDataProcessor (MarketDataProcessor.java:70) - OnMessage: MarketData [symbol=EE, price=11.492749846664292, updateTime=2023-03-20T07:31:34.558746Z]
INFO  | 2023-03-20 15:31:34.560 | [pool-3-thread-1] data.MarketDataProcessor (MarketDataProcessor.java:70) - OnMessage: MarketData [symbol=FF, price=42.09044238622905, updateTime=2023-03-20T07:31:34.560345Z]
INFO  | 2023-03-20 15:31:34.562 | [pool-3-thread-1] data.MarketDataProcessor (MarketDataProcessor.java:70) - OnMessage: MarketData [symbol=GG, price=23.590138532961145, updateTime=2023-03-20T07:31:34.561950Z]
INFO  | 2023-03-20 15:31:34.563 | [pool-3-thread-1] data.MarketDataProcessor (MarketDataProcessor.java:70) - OnMessage: MarketData [symbol=HH, price=27.24175668363063, updateTime=2023-03-20T07:31:34.563523Z]
INFO  | 2023-03-20 15:31:34.565 | [pool-3-thread-1] data.MarketDataProcessor (MarketDataProcessor.java:70) - OnMessage: MarketData [symbol=II, price=12.062709913432027, updateTime=2023-03-20T07:31:34.565131Z]
INFO  | 2023-03-20 15:31:34.566 | [pool-3-thread-1] data.MarketDataProcessor (MarketDataProcessor.java:70) - OnMessage: MarketData [symbol=JJ, price=32.58521359031806, updateTime=2023-03-20T07:31:34.566735Z]
INFO  | 2023-03-20 15:31:34.568 | [pool-3-thread-1] data.MarketDataProcessor (MarketDataProcessor.java:70) - OnMessage: MarketData [symbol=KK, price=38.95541570730897, updateTime=2023-03-20T07:31:34.568318Z]
INFO  | 2023-03-20 15:31:34.570 | [pool-3-thread-1] data.MarketDataProcessor (MarketDataProcessor.java:70) - OnMessage: MarketData [symbol=AA, price=38.909322133485205, updateTime=2023-03-20T07:31:34.569922Z]
INFO  | 2023-03-20 15:31:34.571 | [pool-3-thread-1] feed.DataFeedService (DataFeedService.java:61) - DataFeedService: pool-3-thread-1 Finished
INFO  | 2023-03-20 15:31:35.514 | [Throttle-Reset-Thread] queue.ThrottleEventQueueImpl (ThrottleEventQueueImpl.java:74) - ResetThread::Reset count and unblock
INFO  | 2023-03-20 15:31:35.514 | [MDP-Thread] data.MarketDataProcessor (MarketDataProcessor.java:80) - publishAggregatedMarketData: MarketData [symbol=JJ, price=32.58521359031806, updateTime=2023-03-20T07:31:34.566735Z]
INFO  | 2023-03-20 15:31:35.514 | [MDP-Thread] data.MarketDataProcessor (MarketDataProcessor.java:80) - publishAggregatedMarketData: MarketData [symbol=KK, price=38.95541570730897, updateTime=2023-03-20T07:31:34.568318Z]
INFO  | 2023-03-20 15:31:35.514 | [MDP-Thread] data.MarketDataProcessor (MarketDataProcessor.java:80) - publishAggregatedMarketData: MarketData [symbol=AA, price=38.909322133485205, updateTime=2023-03-20T07:31:34.569922Z]
INFO  | 2023-03-20 15:31:35.514 | [MDP-Thread] data.MarketDataProcessor (MarketDataProcessor.java:80) - publishAggregatedMarketData: MarketData [symbol=BB, price=3.0924221371722522, updateTime=2023-03-20T07:31:34.554027Z]
INFO  | 2023-03-20 15:31:35.514 | [MDP-Thread] data.MarketDataProcessor (MarketDataProcessor.java:80) - publishAggregatedMarketData: MarketData [symbol=CC, price=20.04803675067549, updateTime=2023-03-20T07:31:34.555611Z]
INFO  | 2023-03-20 15:31:35.515 | [MDP-Thread] data.MarketDataProcessor (MarketDataProcessor.java:80) - publishAggregatedMarketData: MarketData [symbol=DD, price=23.969517732376616, updateTime=2023-03-20T07:31:34.557172Z]
INFO  | 2023-03-20 15:31:35.515 | [MDP-Thread] data.MarketDataProcessor (MarketDataProcessor.java:80) - publishAggregatedMarketData: MarketData [symbol=EE, price=11.492749846664292, updateTime=2023-03-20T07:31:34.558746Z]
INFO  | 2023-03-20 15:31:35.515 | [MDP-Thread] data.MarketDataProcessor (MarketDataProcessor.java:80) - publishAggregatedMarketData: MarketData [symbol=FF, price=42.09044238622905, updateTime=2023-03-20T07:31:34.560345Z]
INFO  | 2023-03-20 15:31:35.515 | [MDP-Thread] data.MarketDataProcessor (MarketDataProcessor.java:80) - publishAggregatedMarketData: MarketData [symbol=GG, price=23.590138532961145, updateTime=2023-03-20T07:31:34.561950Z]
INFO  | 2023-03-20 15:31:35.515 | [MDP-Thread] data.MarketDataProcessor (MarketDataProcessor.java:80) - publishAggregatedMarketData: MarketData [symbol=HH, price=27.24175668363063, updateTime=2023-03-20T07:31:34.563523Z]
INFO  | 2023-03-20 15:31:35.515 | [MDP-Thread] queue.ThrottleEventQueueImpl (ThrottleEventQueueImpl.java:97) - poll::block polledCount<11>
INFO  | 2023-03-20 15:31:36.563 | [Throttle-Reset-Thread] queue.ThrottleEventQueueImpl (ThrottleEventQueueImpl.java:74) - ResetThread::Reset count and unblock
INFO  | 2023-03-20 15:31:36.564 | [MDP-Thread] data.MarketDataProcessor (MarketDataProcessor.java:80) - publishAggregatedMarketData: MarketData [symbol=II, price=12.062709913432027, updateTime=2023-03-20T07:31:34.565131Z]
INFO  | 2023-03-20 15:31:37.616 | [Throttle-Reset-Thread] queue.ThrottleEventQueueImpl (ThrottleEventQueueImpl.java:74) - ResetThread::Reset count and unblock
INFO  | 2023-03-20 15:31:38.621 | [Throttle-Reset-Thread] queue.ThrottleEventQueueImpl (ThrottleEventQueueImpl.java:74) - ResetThread::Reset count and unblock
INFO  | 2023-03-20 15:31:39.626 | [Throttle-Reset-Thread] queue.ThrottleEventQueueImpl (ThrottleEventQueueImpl.java:74) - ResetThread::Reset count and unblock
INFO  | 2023-03-20 15:31:40.630 | [Throttle-Reset-Thread] queue.ThrottleEventQueueImpl (ThrottleEventQueueImpl.java:74) - ResetThread::Reset count and unblock
INFO  | 2023-03-20 15:31:41.676 | [Throttle-Reset-Thread] queue.ThrottleEventQueueImpl (ThrottleEventQueueImpl.java:74) - ResetThread::Reset count and unblock
INFO  | 2023-03-20 15:31:42.680 | [Throttle-Reset-Thread] queue.ThrottleEventQueueImpl (ThrottleEventQueueImpl.java:74) - ResetThread::Reset count and unblock
INFO  | 2023-03-20 15:31:43.712 | [Throttle-Reset-Thread] queue.ThrottleEventQueueImpl (ThrottleEventQueueImpl.java:74) - ResetThread::Reset count and unblock
INFO  | 2023-03-20 15:31:44.738 | [Throttle-Reset-Thread] queue.ThrottleEventQueueImpl (ThrottleEventQueueImpl.java:74) - ResetThread::Reset count and unblock
INFO  | 2023-03-20 15:31:45.790 | [Throttle-Reset-Thread] queue.ThrottleEventQueueImpl (ThrottleEventQueueImpl.java:74) - ResetThread::Reset count and unblock
INFO  | 2023-03-20 15:31:46.834 | [Throttle-Reset-Thread] queue.ThrottleEventQueueImpl (ThrottleEventQueueImpl.java:74) - ResetThread::Reset count and unblock
INFO  | 2023-03-20 15:31:47.885 | [Throttle-Reset-Thread] queue.ThrottleEventQueueImpl (ThrottleEventQueueImpl.java:74) - ResetThread::Reset count and unblock
INFO  | 2023-03-20 15:31:48.886 | [Throttle-Reset-Thread] queue.ThrottleEventQueueImpl (ThrottleEventQueueImpl.java:74) - ResetThread::Reset count and unblock
INFO  | 2023-03-20 15:31:49.414 | [MDP-Thread] data.MarketDataProcessor (MarketDataProcessor.java:60) - MarketDataProcessor::Thread: Exit
